[2024-05-31 21:51:45] local.ERROR: There are no commands defined in the "breeze" namespace. {"exception":"[object] (Symfony\\Component\\Console\\Exception\\NamespaceNotFoundException(code: 0): There are no commands defined in the \"breeze\" namespace. at D:\\Project\\BizNest\\biznest_chatapp\\Local_Business_Directory\\biznest_chatapp\\vendor\\symfony\\console\\Application.php:636)
[stacktrace]
#0 D:\\Project\\BizNest\\biznest_chatapp\\Local_Business_Directory\\biznest_chatapp\\vendor\\symfony\\console\\Application.php(685): Symfony\\Component\\Console\\Application->findNamespace()
#1 D:\\Project\\BizNest\\biznest_chatapp\\Local_Business_Directory\\biznest_chatapp\\vendor\\symfony\\console\\Application.php(258): Symfony\\Component\\Console\\Application->find()
#2 D:\\Project\\BizNest\\biznest_chatapp\\Local_Business_Directory\\biznest_chatapp\\vendor\\symfony\\console\\Application.php(167): Symfony\\Component\\Console\\Application->doRun()
#3 D:\\Project\\BizNest\\biznest_chatapp\\Local_Business_Directory\\biznest_chatapp\\vendor\\laravel\\framework\\src\\Illuminate\\Foundation\\Console\\Kernel.php(196): Symfony\\Component\\Console\\Application->run()
#4 D:\\Project\\BizNest\\biznest_chatapp\\Local_Business_Directory\\biznest_chatapp\\vendor\\laravel\\framework\\src\\Illuminate\\Foundation\\Application.php(1191): Illuminate\\Foundation\\Console\\Kernel->handle()
#5 D:\\Project\\BizNest\\biznest_chatapp\\Local_Business_Directory\\biznest_chatapp\\artisan(13): Illuminate\\Foundation\\Application->handleCommand()
#6 {main}
"} 
[2024-05-31 22:44:49] local.ERROR: include(signup.php): Failed to open stream: No such file or directory {"exception":"[object] (ErrorException(code: 0): include(signup.php): Failed to open stream: No such file or directory at D:\\Project\\BizNest\\biznest_chatapp\\Local_Business_Directory\\biznest_chatapp\\resources\\views\\login.php:32)
[stacktrace]
#0 D:\\Project\\BizNest\\biznest_chatapp\\Local_Business_Directory\\biznest_chatapp\\vendor\\laravel\\framework\\src\\Illuminate\\Foundation\\Bootstrap\\HandleExceptions.php(256): Illuminate\\Foundation\\Bootstrap\\HandleExceptions->handleError()
#1 D:\\Project\\BizNest\\biznest_chatapp\\Local_Business_Directory\\biznest_chatapp\\resources\\views\\login.php(32): Illuminate\\Foundation\\Bootstrap\\HandleExceptions->Illuminate\\Foundation\\Bootstrap\\{closure}()
#2 D:\\Project\\BizNest\\biznest_chatapp\\Local_Business_Directory\\biznest_chatapp\\resources\\views\\login.php(32): include('...')
#3 D:\\Project\\BizNest\\biznest_chatapp\\Local_Business_Directory\\biznest_chatapp\\vendor\\laravel\\framework\\src\\Illuminate\\Filesystem\\Filesystem.php(123): require('...')
#4 D:\\Project\\BizNest\\biznest_chatapp\\Local_Business_Directory\\biznest_chatapp\\vendor\\laravel\\framework\\src\\Illuminate\\Filesystem\\Filesystem.php(124): Illuminate\\Filesystem\\Filesystem::Illuminate\\Filesystem\\{closure}()
#5 D:\\Project\\BizNest\\biznest_chatapp\\Local_Business_Directory\\biznest_chatapp\\vendor\\laravel\\framework\\src\\Illuminate\\View\\Engines\\PhpEngine.php(58): Illuminate\\Filesystem\\Filesystem->getRequire()
#6 D:\\Project\\BizNest\\biznest_chatapp\\Local_Business_Directory\\biznest_chatapp\\vendor\\laravel\\framework\\src\\Illuminate\\View\\Engines\\PhpEngine.php(38): Illuminate\\View\\Engines\\PhpEngine->evaluatePath()
#7 D:\\Project\\BizNest\\biznest_chatapp\\Local_Business_Directory\\biznest_chatapp\\vendor\\laravel\\framework\\src\\Illuminate\\View\\View.php(208): Illuminate\\View\\Engines\\PhpEngine->get()
#8 D:\\Project\\BizNest\\biznest_chatapp\\Local_Business_Directory\\biznest_chatapp\\vendor\\laravel\\framework\\src\\Illuminate\\View\\View.php(191): Illuminate\\View\\View->getContents()
#9 D:\\Project\\BizNest\\biznest_chatapp\\Local_Business_Directory\\biznest_chatapp\\vendor\\laravel\\framework\\src\\Illuminate\\View\\View.php(160): Illuminate\\View\\View->renderContents()
#10 D:\\Project\\BizNest\\biznest_chatapp\\Local_Business_Directory\\biznest_chatapp\\vendor\\laravel\\framework\\src\\Illuminate\\Http\\Response.php(70): Illuminate\\View\\View->render()
#11 D:\\Project\\BizNest\\biznest_chatapp\\Local_Business_Directory\\biznest_chatapp\\vendor\\laravel\\framework\\src\\Illuminate\\Http\\Response.php(35): Illuminate\\Http\\Response->setContent()
#12 D:\\Project\\BizNest\\biznest_chatapp\\Local_Business_Directory\\biznest_chatapp\\vendor\\laravel\\framework\\src\\Illuminate\\Routing\\Router.php(918): Illuminate\\Http\\Response->__construct()
#13 D:\\Project\\BizNest\\biznest_chatapp\\Local_Business_Directory\\biznest_chatapp\\vendor\\laravel\\framework\\src\\Illuminate\\Routing\\Router.php(885): Illuminate\\Routing\\Router::toResponse()
#14 D:\\Project\\BizNest\\biznest_chatapp\\Local_Business_Directory\\biznest_chatapp\\vendor\\laravel\\framework\\src\\Illuminate\\Routing\\Router.php(805): Illuminate\\Routing\\Router->prepareResponse()
#15 D:\\Project\\BizNest\\biznest_chatapp\\Local_Business_Directory\\biznest_chatapp\\vendor\\laravel\\framework\\src\\Illuminate\\Pipeline\\Pipeline.php(144): Illuminate\\Routing\\Router->Illuminate\\Routing\\{closure}()
#16 D:\\Project\\BizNest\\biznest_chatapp\\Local_Business_Directory\\biznest_chatapp\\vendor\\laravel\\framework\\src\\Illuminate\\Routing\\Middleware\\SubstituteBindings.php(50): Illuminate\\Pipeline\\Pipeline->Illuminate\\Pipeline\\{closure}()
#17 D:\\Project\\BizNest\\biznest_chatapp\\Local_Business_Directory\\biznest_chatapp\\vendor\\laravel\\framework\\src\\Illuminate\\Pipeline\\Pipeline.php(183): Illuminate\\Routing\\Middleware\\SubstituteBindings->handle()
#18 D:\\Project\\BizNest\\biznest_chatapp\\Local_Business_Directory\\biznest_chatapp\\vendor\\laravel\\framework\\src\\Illuminate\\Foundation\\Http\\Middleware\\VerifyCsrfToken.php(88): Illuminate\\Pipeline\\Pipeline->Illuminate\\Pipeline\\{closure}()
#19 D:\\Project\\BizNest\\biznest_chatapp\\Local_Business_Directory\\biznest_chatapp\\vendor\\laravel\\framework\\src\\Illuminate\\Pipeline\\Pipeline.php(183): Illuminate\\Foundation\\Http\\Middleware\\VerifyCsrfToken->handle()
#20 D:\\Project\\BizNest\\biznest_chatapp\\Local_Business_Directory\\biznest_chatapp\\vendor\\laravel\\framework\\src\\Illuminate\\View\\Middleware\\ShareErrorsFromSession.php(49): Illuminate\\Pipeline\\Pipeline->Illuminate\\Pipeline\\{closure}()
#21 D:\\Project\\BizNest\\biznest_chatapp\\Local_Business_Directory\\biznest_chatapp\\vendor\\laravel\\framework\\src\\Illuminate\\Pipeline\\Pipeline.php(183): Illuminate\\View\\Middleware\\ShareErrorsFromSession->handle()
#22 D:\\Project\\BizNest\\biznest_chatapp\\Local_Business_Directory\\biznest_chatapp\\vendor\\laravel\\framework\\src\\Illuminate\\Session\\Middleware\\StartSession.php(121): Illuminate\\Pipeline\\Pipeline->Illuminate\\Pipeline\\{closure}()
#23 D:\\Project\\BizNest\\biznest_chatapp\\Local_Business_Directory\\biznest_chatapp\\vendor\\laravel\\framework\\src\\Illuminate\\Session\\Middleware\\StartSession.php(64): Illuminate\\Session\\Middleware\\StartSession->handleStatefulRequest()
#24 D:\\Project\\BizNest\\biznest_chatapp\\Local_Business_Directory\\biznest_chatapp\\vendor\\laravel\\framework\\src\\Illuminate\\Pipeline\\Pipeline.php(183): Illuminate\\Session\\Middleware\\StartSession->handle()
#25 D:\\Project\\BizNest\\biznest_chatapp\\Local_Business_Directory\\biznest_chatapp\\vendor\\laravel\\framework\\src\\Illuminate\\Cookie\\Middleware\\AddQueuedCookiesToResponse.php(37): Illuminate\\Pipeline\\Pipeline->Illuminate\\Pipeline\\{closure}()
#26 D:\\Project\\BizNest\\biznest_chatapp\\Local_Business_Directory\\biznest_chatapp\\vendor\\laravel\\framework\\src\\Illuminate\\Pipeline\\Pipeline.php(183): Illuminate\\Cookie\\Middleware\\AddQueuedCookiesToResponse->handle()
#27 D:\\Project\\BizNest\\biznest_chatapp\\Local_Business_Directory\\biznest_chatapp\\vendor\\laravel\\framework\\src\\Illuminate\\Cookie\\Middleware\\EncryptCookies.php(75): Illuminate\\Pipeline\\Pipeline->Illuminate\\Pipeline\\{closure}()
#28 D:\\Project\\BizNest\\biznest_chatapp\\Local_Business_Directory\\biznest_chatapp\\vendor\\laravel\\framework\\src\\Illuminate\\Pipeline\\Pipeline.php(183): Illuminate\\Cookie\\Middleware\\EncryptCookies->handle()
#29 D:\\Project\\BizNest\\biznest_chatapp\\Local_Business_Directory\\biznest_chatapp\\vendor\\laravel\\framework\\src\\Illuminate\\Pipeline\\Pipeline.php(119): Illuminate\\Pipeline\\Pipeline->Illuminate\\Pipeline\\{closure}()
#30 D:\\Project\\BizNest\\biznest_chatapp\\Local_Business_Directory\\biznest_chatapp\\vendor\\laravel\\framework\\src\\Illuminate\\Routing\\Router.php(805): Illuminate\\Pipeline\\Pipeline->then()
#31 D:\\Project\\BizNest\\biznest_chatapp\\Local_Business_Directory\\biznest_chatapp\\vendor\\laravel\\framework\\src\\Illuminate\\Routing\\Router.php(784): Illuminate\\Routing\\Router->runRouteWithinStack()
#32 D:\\Project\\BizNest\\biznest_chatapp\\Local_Business_Directory\\biznest_chatapp\\vendor\\laravel\\framework\\src\\Illuminate\\Routing\\Router.php(748): Illuminate\\Routing\\Router->runRoute()
#33 D:\\Project\\BizNest\\biznest_chatapp\\Local_Business_Directory\\biznest_chatapp\\vendor\\laravel\\framework\\src\\Illuminate\\Routing\\Router.php(737): Illuminate\\Routing\\Router->dispatchToRoute()
#34 D:\\Project\\BizNest\\biznest_chatapp\\Local_Business_Directory\\biznest_chatapp\\vendor\\laravel\\framework\\src\\Illuminate\\Foundation\\Http\\Kernel.php(200): Illuminate\\Routing\\Router->dispatch()
#35 D:\\Project\\BizNest\\biznest_chatapp\\Local_Business_Directory\\biznest_chatapp\\vendor\\laravel\\framework\\src\\Illuminate\\Pipeline\\Pipeline.php(144): Illuminate\\Foundation\\Http\\Kernel->Illuminate\\Foundation\\Http\\{closure}()
#36 D:\\Project\\BizNest\\biznest_chatapp\\Local_Business_Directory\\biznest_chatapp\\vendor\\livewire\\livewire\\src\\Features\\SupportDisablingBackButtonCache\\DisableBackButtonCacheMiddleware.php(19): Illuminate\\Pipeline\\Pipeline->Illuminate\\Pipeline\\{closure}()
#37 D:\\Project\\BizNest\\biznest_chatapp\\Local_Business_Directory\\biznest_chatapp\\vendor\\laravel\\framework\\src\\Illuminate\\Pipeline\\Pipeline.php(183): Livewire\\Features\\SupportDisablingBackButtonCache\\DisableBackButtonCacheMiddleware->handle()
#38 D:\\Project\\BizNest\\biznest_chatapp\\Local_Business_Directory\\biznest_chatapp\\vendor\\laravel\\framework\\src\\Illuminate\\Foundation\\Http\\Middleware\\TransformsRequest.php(21): Illuminate\\Pipeline\\Pipeline->Illuminate\\Pipeline\\{closure}()
#39 D:\\Project\\BizNest\\biznest_chatapp\\Local_Business_Directory\\biznest_chatapp\\vendor\\laravel\\framework\\src\\Illuminate\\Foundation\\Http\\Middleware\\ConvertEmptyStringsToNull.php(31): Illuminate\\Foundation\\Http\\Middleware\\TransformsRequest->handle()
#40 D:\\Project\\BizNest\\biznest_chatapp\\Local_Business_Directory\\biznest_chatapp\\vendor\\laravel\\framework\\src\\Illuminate\\Pipeline\\Pipeline.php(183): Illuminate\\Foundation\\Http\\Middleware\\ConvertEmptyStringsToNull->handle()
#41 D:\\Project\\BizNest\\biznest_chatapp\\Local_Business_Directory\\biznest_chatapp\\vendor\\laravel\\framework\\src\\Illuminate\\Foundation\\Http\\Middleware\\TransformsRequest.php(21): Illuminate\\Pipeline\\Pipeline->Illuminate\\Pipeline\\{closure}()
#42 D:\\Project\\BizNest\\biznest_chatapp\\Local_Business_Directory\\biznest_chatapp\\vendor\\laravel\\framework\\src\\Illuminate\\Foundation\\Http\\Middleware\\TrimStrings.php(51): Illuminate\\Foundation\\Http\\Middleware\\TransformsRequest->handle()
#43 D:\\Project\\BizNest\\biznest_chatapp\\Local_Business_Directory\\biznest_chatapp\\vendor\\laravel\\framework\\src\\Illuminate\\Pipeline\\Pipeline.php(183): Illuminate\\Foundation\\Http\\Middleware\\TrimStrings->handle()
#44 D:\\Project\\BizNest\\biznest_chatapp\\Local_Business_Directory\\biznest_chatapp\\vendor\\laravel\\framework\\src\\Illuminate\\Http\\Middleware\\ValidatePostSize.php(27): Illuminate\\Pipeline\\Pipeline->Illuminate\\Pipeline\\{closure}()
#45 D:\\Project\\BizNest\\biznest_chatapp\\Local_Business_Directory\\biznest_chatapp\\vendor\\laravel\\framework\\src\\Illuminate\\Pipeline\\Pipeline.php(183): Illuminate\\Http\\Middleware\\ValidatePostSize->handle()
#46 D:\\Project\\BizNest\\biznest_chatapp\\Local_Business_Directory\\biznest_chatapp\\vendor\\laravel\\framework\\src\\Illuminate\\Foundation\\Http\\Middleware\\PreventRequestsDuringMaintenance.php(110): Illuminate\\Pipeline\\Pipeline->Illuminate\\Pipeline\\{closure}()
#47 D:\\Project\\BizNest\\biznest_chatapp\\Local_Business_Directory\\biznest_chatapp\\vendor\\laravel\\framework\\src\\Illuminate\\Pipeline\\Pipeline.php(183): Illuminate\\Foundation\\Http\\Middleware\\PreventRequestsDuringMaintenance->handle()
#48 D:\\Project\\BizNest\\biznest_chatapp\\Local_Business_Directory\\biznest_chatapp\\vendor\\laravel\\framework\\src\\Illuminate\\Http\\Middleware\\HandleCors.php(49): Illuminate\\Pipeline\\Pipeline->Illuminate\\Pipeline\\{closure}()
#49 D:\\Project\\BizNest\\biznest_chatapp\\Local_Business_Directory\\biznest_chatapp\\vendor\\laravel\\framework\\src\\Illuminate\\Pipeline\\Pipeline.php(183): Illuminate\\Http\\Middleware\\HandleCors->handle()
#50 D:\\Project\\BizNest\\biznest_chatapp\\Local_Business_Directory\\biznest_chatapp\\vendor\\laravel\\framework\\src\\Illuminate\\Http\\Middleware\\TrustProxies.php(57): Illuminate\\Pipeline\\Pipeline->Illuminate\\Pipeline\\{closure}()
#51 D:\\Project\\BizNest\\biznest_chatapp\\Local_Business_Directory\\biznest_chatapp\\vendor\\laravel\\framework\\src\\Illuminate\\Pipeline\\Pipeline.php(183): Illuminate\\Http\\Middleware\\TrustProxies->handle()
#52 D:\\Project\\BizNest\\biznest_chatapp\\Local_Business_Directory\\biznest_chatapp\\vendor\\laravel\\framework\\src\\Illuminate\\Pipeline\\Pipeline.php(119): Illuminate\\Pipeline\\Pipeline->Illuminate\\Pipeline\\{closure}()
#53 D:\\Project\\BizNest\\biznest_chatapp\\Local_Business_Directory\\biznest_chatapp\\vendor\\laravel\\framework\\src\\Illuminate\\Foundation\\Http\\Kernel.php(175): Illuminate\\Pipeline\\Pipeline->then()
#54 D:\\Project\\BizNest\\biznest_chatapp\\Local_Business_Directory\\biznest_chatapp\\vendor\\laravel\\framework\\src\\Illuminate\\Foundation\\Http\\Kernel.php(144): Illuminate\\Foundation\\Http\\Kernel->sendRequestThroughRouter()
#55 D:\\Project\\BizNest\\biznest_chatapp\\Local_Business_Directory\\biznest_chatapp\\vendor\\laravel\\framework\\src\\Illuminate\\Foundation\\Application.php(1176): Illuminate\\Foundation\\Http\\Kernel->handle()
#56 D:\\Project\\BizNest\\biznest_chatapp\\Local_Business_Directory\\biznest_chatapp\\public\\index.php(17): Illuminate\\Foundation\\Application->handleRequest()
#57 D:\\Project\\BizNest\\biznest_chatapp\\Local_Business_Directory\\biznest_chatapp\\vendor\\laravel\\framework\\src\\Illuminate\\Foundation\\resources\\server.php(16): require_once('...')
#58 {main}
"} 
[2024-05-31 22:46:42] local.ERROR: include(signup.php): Failed to open stream: No such file or directory {"exception":"[object] (ErrorException(code: 0): include(signup.php): Failed to open stream: No such file or directory at D:\\Project\\BizNest\\biznest_chatapp\\Local_Business_Directory\\biznest_chatapp\\resources\\views\\login.php:141)
[stacktrace]
#0 D:\\Project\\BizNest\\biznest_chatapp\\Local_Business_Directory\\biznest_chatapp\\vendor\\laravel\\framework\\src\\Illuminate\\Foundation\\Bootstrap\\HandleExceptions.php(256): Illuminate\\Foundation\\Bootstrap\\HandleExceptions->handleError()
#1 D:\\Project\\BizNest\\biznest_chatapp\\Local_Business_Directory\\biznest_chatapp\\resources\\views\\login.php(141): Illuminate\\Foundation\\Bootstrap\\HandleExceptions->Illuminate\\Foundation\\Bootstrap\\{closure}()
#2 D:\\Project\\BizNest\\biznest_chatapp\\Local_Business_Directory\\biznest_chatapp\\resources\\views\\login.php(141): include('...')
#3 D:\\Project\\BizNest\\biznest_chatapp\\Local_Business_Directory\\biznest_chatapp\\vendor\\laravel\\framework\\src\\Illuminate\\Filesystem\\Filesystem.php(123): require('...')
#4 D:\\Project\\BizNest\\biznest_chatapp\\Local_Business_Directory\\biznest_chatapp\\vendor\\laravel\\framework\\src\\Illuminate\\Filesystem\\Filesystem.php(124): Illuminate\\Filesystem\\Filesystem::Illuminate\\Filesystem\\{closure}()
#5 D:\\Project\\BizNest\\biznest_chatapp\\Local_Business_Directory\\biznest_chatapp\\vendor\\laravel\\framework\\src\\Illuminate\\View\\Engines\\PhpEngine.php(58): Illuminate\\Filesystem\\Filesystem->getRequire()
#6 D:\\Project\\BizNest\\biznest_chatapp\\Local_Business_Directory\\biznest_chatapp\\vendor\\laravel\\framework\\src\\Illuminate\\View\\Engines\\PhpEngine.php(38): Illuminate\\View\\Engines\\PhpEngine->evaluatePath()
#7 D:\\Project\\BizNest\\biznest_chatapp\\Local_Business_Directory\\biznest_chatapp\\vendor\\laravel\\framework\\src\\Illuminate\\View\\View.php(208): Illuminate\\View\\Engines\\PhpEngine->get()
#8 D:\\Project\\BizNest\\biznest_chatapp\\Local_Business_Directory\\biznest_chatapp\\vendor\\laravel\\framework\\src\\Illuminate\\View\\View.php(191): Illuminate\\View\\View->getContents()
#9 D:\\Project\\BizNest\\biznest_chatapp\\Local_Business_Directory\\biznest_chatapp\\vendor\\laravel\\framework\\src\\Illuminate\\View\\View.php(160): Illuminate\\View\\View->renderContents()
#10 D:\\Project\\BizNest\\biznest_chatapp\\Local_Business_Directory\\biznest_chatapp\\vendor\\laravel\\framework\\src\\Illuminate\\Http\\Response.php(70): Illuminate\\View\\View->render()
#11 D:\\Project\\BizNest\\biznest_chatapp\\Local_Business_Directory\\biznest_chatapp\\vendor\\laravel\\framework\\src\\Illuminate\\Http\\Response.php(35): Illuminate\\Http\\Response->setContent()
#12 D:\\Project\\BizNest\\biznest_chatapp\\Local_Business_Directory\\biznest_chatapp\\vendor\\laravel\\framework\\src\\Illuminate\\Routing\\Router.php(918): Illuminate\\Http\\Response->__construct()
#13 D:\\Project\\BizNest\\biznest_chatapp\\Local_Business_Directory\\biznest_chatapp\\vendor\\laravel\\framework\\src\\Illuminate\\Routing\\Router.php(885): Illuminate\\Routing\\Router::toResponse()
#14 D:\\Project\\BizNest\\biznest_chatapp\\Local_Business_Directory\\biznest_chatapp\\vendor\\laravel\\framework\\src\\Illuminate\\Routing\\Router.php(805): Illuminate\\Routing\\Router->prepareResponse()
#15 D:\\Project\\BizNest\\biznest_chatapp\\Local_Business_Directory\\biznest_chatapp\\vendor\\laravel\\framework\\src\\Illuminate\\Pipeline\\Pipeline.php(144): Illuminate\\Routing\\Router->Illuminate\\Routing\\{closure}()
#16 D:\\Project\\BizNest\\biznest_chatapp\\Local_Business_Directory\\biznest_chatapp\\vendor\\laravel\\framework\\src\\Illuminate\\Routing\\Middleware\\SubstituteBindings.php(50): Illuminate\\Pipeline\\Pipeline->Illuminate\\Pipeline\\{closure}()
#17 D:\\Project\\BizNest\\biznest_chatapp\\Local_Business_Directory\\biznest_chatapp\\vendor\\laravel\\framework\\src\\Illuminate\\Pipeline\\Pipeline.php(183): Illuminate\\Routing\\Middleware\\SubstituteBindings->handle()
#18 D:\\Project\\BizNest\\biznest_chatapp\\Local_Business_Directory\\biznest_chatapp\\vendor\\laravel\\framework\\src\\Illuminate\\Foundation\\Http\\Middleware\\VerifyCsrfToken.php(88): Illuminate\\Pipeline\\Pipeline->Illuminate\\Pipeline\\{closure}()
#19 D:\\Project\\BizNest\\biznest_chatapp\\Local_Business_Directory\\biznest_chatapp\\vendor\\laravel\\framework\\src\\Illuminate\\Pipeline\\Pipeline.php(183): Illuminate\\Foundation\\Http\\Middleware\\VerifyCsrfToken->handle()
#20 D:\\Project\\BizNest\\biznest_chatapp\\Local_Business_Directory\\biznest_chatapp\\vendor\\laravel\\framework\\src\\Illuminate\\View\\Middleware\\ShareErrorsFromSession.php(49): Illuminate\\Pipeline\\Pipeline->Illuminate\\Pipeline\\{closure}()
#21 D:\\Project\\BizNest\\biznest_chatapp\\Local_Business_Directory\\biznest_chatapp\\vendor\\laravel\\framework\\src\\Illuminate\\Pipeline\\Pipeline.php(183): Illuminate\\View\\Middleware\\ShareErrorsFromSession->handle()
#22 D:\\Project\\BizNest\\biznest_chatapp\\Local_Business_Directory\\biznest_chatapp\\vendor\\laravel\\framework\\src\\Illuminate\\Session\\Middleware\\StartSession.php(121): Illuminate\\Pipeline\\Pipeline->Illuminate\\Pipeline\\{closure}()
#23 D:\\Project\\BizNest\\biznest_chatapp\\Local_Business_Directory\\biznest_chatapp\\vendor\\laravel\\framework\\src\\Illuminate\\Session\\Middleware\\StartSession.php(64): Illuminate\\Session\\Middleware\\StartSession->handleStatefulRequest()
#24 D:\\Project\\BizNest\\biznest_chatapp\\Local_Business_Directory\\biznest_chatapp\\vendor\\laravel\\framework\\src\\Illuminate\\Pipeline\\Pipeline.php(183): Illuminate\\Session\\Middleware\\StartSession->handle()
#25 D:\\Project\\BizNest\\biznest_chatapp\\Local_Business_Directory\\biznest_chatapp\\vendor\\laravel\\framework\\src\\Illuminate\\Cookie\\Middleware\\AddQueuedCookiesToResponse.php(37): Illuminate\\Pipeline\\Pipeline->Illuminate\\Pipeline\\{closure}()
#26 D:\\Project\\BizNest\\biznest_chatapp\\Local_Business_Directory\\biznest_chatapp\\vendor\\laravel\\framework\\src\\Illuminate\\Pipeline\\Pipeline.php(183): Illuminate\\Cookie\\Middleware\\AddQueuedCookiesToResponse->handle()
#27 D:\\Project\\BizNest\\biznest_chatapp\\Local_Business_Directory\\biznest_chatapp\\vendor\\laravel\\framework\\src\\Illuminate\\Cookie\\Middleware\\EncryptCookies.php(75): Illuminate\\Pipeline\\Pipeline->Illuminate\\Pipeline\\{closure}()
#28 D:\\Project\\BizNest\\biznest_chatapp\\Local_Business_Directory\\biznest_chatapp\\vendor\\laravel\\framework\\src\\Illuminate\\Pipeline\\Pipeline.php(183): Illuminate\\Cookie\\Middleware\\EncryptCookies->handle()
#29 D:\\Project\\BizNest\\biznest_chatapp\\Local_Business_Directory\\biznest_chatapp\\vendor\\laravel\\framework\\src\\Illuminate\\Pipeline\\Pipeline.php(119): Illuminate\\Pipeline\\Pipeline->Illuminate\\Pipeline\\{closure}()
#30 D:\\Project\\BizNest\\biznest_chatapp\\Local_Business_Directory\\biznest_chatapp\\vendor\\laravel\\framework\\src\\Illuminate\\Routing\\Router.php(805): Illuminate\\Pipeline\\Pipeline->then()
#31 D:\\Project\\BizNest\\biznest_chatapp\\Local_Business_Directory\\biznest_chatapp\\vendor\\laravel\\framework\\src\\Illuminate\\Routing\\Router.php(784): Illuminate\\Routing\\Router->runRouteWithinStack()
#32 D:\\Project\\BizNest\\biznest_chatapp\\Local_Business_Directory\\biznest_chatapp\\vendor\\laravel\\framework\\src\\Illuminate\\Routing\\Router.php(748): Illuminate\\Routing\\Router->runRoute()
#33 D:\\Project\\BizNest\\biznest_chatapp\\Local_Business_Directory\\biznest_chatapp\\vendor\\laravel\\framework\\src\\Illuminate\\Routing\\Router.php(737): Illuminate\\Routing\\Router->dispatchToRoute()
#34 D:\\Project\\BizNest\\biznest_chatapp\\Local_Business_Directory\\biznest_chatapp\\vendor\\laravel\\framework\\src\\Illuminate\\Foundation\\Http\\Kernel.php(200): Illuminate\\Routing\\Router->dispatch()
#35 D:\\Project\\BizNest\\biznest_chatapp\\Local_Business_Directory\\biznest_chatapp\\vendor\\laravel\\framework\\src\\Illuminate\\Pipeline\\Pipeline.php(144): Illuminate\\Foundation\\Http\\Kernel->Illuminate\\Foundation\\Http\\{closure}()
#36 D:\\Project\\BizNest\\biznest_chatapp\\Local_Business_Directory\\biznest_chatapp\\vendor\\livewire\\livewire\\src\\Features\\SupportDisablingBackButtonCache\\DisableBackButtonCacheMiddleware.php(19): Illuminate\\Pipeline\\Pipeline->Illuminate\\Pipeline\\{closure}()
#37 D:\\Project\\BizNest\\biznest_chatapp\\Local_Business_Directory\\biznest_chatapp\\vendor\\laravel\\framework\\src\\Illuminate\\Pipeline\\Pipeline.php(183): Livewire\\Features\\SupportDisablingBackButtonCache\\DisableBackButtonCacheMiddleware->handle()
#38 D:\\Project\\BizNest\\biznest_chatapp\\Local_Business_Directory\\biznest_chatapp\\vendor\\laravel\\framework\\src\\Illuminate\\Foundation\\Http\\Middleware\\TransformsRequest.php(21): Illuminate\\Pipeline\\Pipeline->Illuminate\\Pipeline\\{closure}()
#39 D:\\Project\\BizNest\\biznest_chatapp\\Local_Business_Directory\\biznest_chatapp\\vendor\\laravel\\framework\\src\\Illuminate\\Foundation\\Http\\Middleware\\ConvertEmptyStringsToNull.php(31): Illuminate\\Foundation\\Http\\Middleware\\TransformsRequest->handle()
#40 D:\\Project\\BizNest\\biznest_chatapp\\Local_Business_Directory\\biznest_chatapp\\vendor\\laravel\\framework\\src\\Illuminate\\Pipeline\\Pipeline.php(183): Illuminate\\Foundation\\Http\\Middleware\\ConvertEmptyStringsToNull->handle()
#41 D:\\Project\\BizNest\\biznest_chatapp\\Local_Business_Directory\\biznest_chatapp\\vendor\\laravel\\framework\\src\\Illuminate\\Foundation\\Http\\Middleware\\TransformsRequest.php(21): Illuminate\\Pipeline\\Pipeline->Illuminate\\Pipeline\\{closure}()
#42 D:\\Project\\BizNest\\biznest_chatapp\\Local_Business_Directory\\biznest_chatapp\\vendor\\laravel\\framework\\src\\Illuminate\\Foundation\\Http\\Middleware\\TrimStrings.php(51): Illuminate\\Foundation\\Http\\Middleware\\TransformsRequest->handle()
#43 D:\\Project\\BizNest\\biznest_chatapp\\Local_Business_Directory\\biznest_chatapp\\vendor\\laravel\\framework\\src\\Illuminate\\Pipeline\\Pipeline.php(183): Illuminate\\Foundation\\Http\\Middleware\\TrimStrings->handle()
#44 D:\\Project\\BizNest\\biznest_chatapp\\Local_Business_Directory\\biznest_chatapp\\vendor\\laravel\\framework\\src\\Illuminate\\Http\\Middleware\\ValidatePostSize.php(27): Illuminate\\Pipeline\\Pipeline->Illuminate\\Pipeline\\{closure}()
#45 D:\\Project\\BizNest\\biznest_chatapp\\Local_Business_Directory\\biznest_chatapp\\vendor\\laravel\\framework\\src\\Illuminate\\Pipeline\\Pipeline.php(183): Illuminate\\Http\\Middleware\\ValidatePostSize->handle()
#46 D:\\Project\\BizNest\\biznest_chatapp\\Local_Business_Directory\\biznest_chatapp\\vendor\\laravel\\framework\\src\\Illuminate\\Foundation\\Http\\Middleware\\PreventRequestsDuringMaintenance.php(110): Illuminate\\Pipeline\\Pipeline->Illuminate\\Pipeline\\{closure}()
#47 D:\\Project\\BizNest\\biznest_chatapp\\Local_Business_Directory\\biznest_chatapp\\vendor\\laravel\\framework\\src\\Illuminate\\Pipeline\\Pipeline.php(183): Illuminate\\Foundation\\Http\\Middleware\\PreventRequestsDuringMaintenance->handle()
#48 D:\\Project\\BizNest\\biznest_chatapp\\Local_Business_Directory\\biznest_chatapp\\vendor\\laravel\\framework\\src\\Illuminate\\Http\\Middleware\\HandleCors.php(49): Illuminate\\Pipeline\\Pipeline->Illuminate\\Pipeline\\{closure}()
#49 D:\\Project\\BizNest\\biznest_chatapp\\Local_Business_Directory\\biznest_chatapp\\vendor\\laravel\\framework\\src\\Illuminate\\Pipeline\\Pipeline.php(183): Illuminate\\Http\\Middleware\\HandleCors->handle()
#50 D:\\Project\\BizNest\\biznest_chatapp\\Local_Business_Directory\\biznest_chatapp\\vendor\\laravel\\framework\\src\\Illuminate\\Http\\Middleware\\TrustProxies.php(57): Illuminate\\Pipeline\\Pipeline->Illuminate\\Pipeline\\{closure}()
#51 D:\\Project\\BizNest\\biznest_chatapp\\Local_Business_Directory\\biznest_chatapp\\vendor\\laravel\\framework\\src\\Illuminate\\Pipeline\\Pipeline.php(183): Illuminate\\Http\\Middleware\\TrustProxies->handle()
#52 D:\\Project\\BizNest\\biznest_chatapp\\Local_Business_Directory\\biznest_chatapp\\vendor\\laravel\\framework\\src\\Illuminate\\Pipeline\\Pipeline.php(119): Illuminate\\Pipeline\\Pipeline->Illuminate\\Pipeline\\{closure}()
#53 D:\\Project\\BizNest\\biznest_chatapp\\Local_Business_Directory\\biznest_chatapp\\vendor\\laravel\\framework\\src\\Illuminate\\Foundation\\Http\\Kernel.php(175): Illuminate\\Pipeline\\Pipeline->then()
#54 D:\\Project\\BizNest\\biznest_chatapp\\Local_Business_Directory\\biznest_chatapp\\vendor\\laravel\\framework\\src\\Illuminate\\Foundation\\Http\\Kernel.php(144): Illuminate\\Foundation\\Http\\Kernel->sendRequestThroughRouter()
#55 D:\\Project\\BizNest\\biznest_chatapp\\Local_Business_Directory\\biznest_chatapp\\vendor\\laravel\\framework\\src\\Illuminate\\Foundation\\Application.php(1176): Illuminate\\Foundation\\Http\\Kernel->handle()
#56 D:\\Project\\BizNest\\biznest_chatapp\\Local_Business_Directory\\biznest_chatapp\\public\\index.php(17): Illuminate\\Foundation\\Application->handleRequest()
#57 D:\\Project\\BizNest\\biznest_chatapp\\Local_Business_Directory\\biznest_chatapp\\vendor\\laravel\\framework\\src\\Illuminate\\Foundation\\resources\\server.php(16): require_once('...')
#58 {main}
"} 
[2024-05-31 22:46:55] local.ERROR: include(signup.php): Failed to open stream: No such file or directory {"exception":"[object] (ErrorException(code: 0): include(signup.php): Failed to open stream: No such file or directory at D:\\Project\\BizNest\\biznest_chatapp\\Local_Business_Directory\\biznest_chatapp\\resources\\views\\login.php:141)
[stacktrace]
#0 D:\\Project\\BizNest\\biznest_chatapp\\Local_Business_Directory\\biznest_chatapp\\vendor\\laravel\\framework\\src\\Illuminate\\Foundation\\Bootstrap\\HandleExceptions.php(256): Illuminate\\Foundation\\Bootstrap\\HandleExceptions->handleError()
#1 D:\\Project\\BizNest\\biznest_chatapp\\Local_Business_Directory\\biznest_chatapp\\resources\\views\\login.php(141): Illuminate\\Foundation\\Bootstrap\\HandleExceptions->Illuminate\\Foundation\\Bootstrap\\{closure}()
#2 D:\\Project\\BizNest\\biznest_chatapp\\Local_Business_Directory\\biznest_chatapp\\resources\\views\\login.php(141): include('...')
#3 D:\\Project\\BizNest\\biznest_chatapp\\Local_Business_Directory\\biznest_chatapp\\vendor\\laravel\\framework\\src\\Illuminate\\Filesystem\\Filesystem.php(123): require('...')
#4 D:\\Project\\BizNest\\biznest_chatapp\\Local_Business_Directory\\biznest_chatapp\\vendor\\laravel\\framework\\src\\Illuminate\\Filesystem\\Filesystem.php(124): Illuminate\\Filesystem\\Filesystem::Illuminate\\Filesystem\\{closure}()
#5 D:\\Project\\BizNest\\biznest_chatapp\\Local_Business_Directory\\biznest_chatapp\\vendor\\laravel\\framework\\src\\Illuminate\\View\\Engines\\PhpEngine.php(58): Illuminate\\Filesystem\\Filesystem->getRequire()
#6 D:\\Project\\BizNest\\biznest_chatapp\\Local_Business_Directory\\biznest_chatapp\\vendor\\laravel\\framework\\src\\Illuminate\\View\\Engines\\PhpEngine.php(38): Illuminate\\View\\Engines\\PhpEngine->evaluatePath()
#7 D:\\Project\\BizNest\\biznest_chatapp\\Local_Business_Directory\\biznest_chatapp\\vendor\\laravel\\framework\\src\\Illuminate\\View\\View.php(208): Illuminate\\View\\Engines\\PhpEngine->get()
#8 D:\\Project\\BizNest\\biznest_chatapp\\Local_Business_Directory\\biznest_chatapp\\vendor\\laravel\\framework\\src\\Illuminate\\View\\View.php(191): Illuminate\\View\\View->getContents()
#9 D:\\Project\\BizNest\\biznest_chatapp\\Local_Business_Directory\\biznest_chatapp\\vendor\\laravel\\framework\\src\\Illuminate\\View\\View.php(160): Illuminate\\View\\View->renderContents()
#10 D:\\Project\\BizNest\\biznest_chatapp\\Local_Business_Directory\\biznest_chatapp\\vendor\\laravel\\framework\\src\\Illuminate\\Http\\Response.php(70): Illuminate\\View\\View->render()
#11 D:\\Project\\BizNest\\biznest_chatapp\\Local_Business_Directory\\biznest_chatapp\\vendor\\laravel\\framework\\src\\Illuminate\\Http\\Response.php(35): Illuminate\\Http\\Response->setContent()
#12 D:\\Project\\BizNest\\biznest_chatapp\\Local_Business_Directory\\biznest_chatapp\\vendor\\laravel\\framework\\src\\Illuminate\\Routing\\Router.php(918): Illuminate\\Http\\Response->__construct()
#13 D:\\Project\\BizNest\\biznest_chatapp\\Local_Business_Directory\\biznest_chatapp\\vendor\\laravel\\framework\\src\\Illuminate\\Routing\\Router.php(885): Illuminate\\Routing\\Router::toResponse()
#14 D:\\Project\\BizNest\\biznest_chatapp\\Local_Business_Directory\\biznest_chatapp\\vendor\\laravel\\framework\\src\\Illuminate\\Routing\\Router.php(805): Illuminate\\Routing\\Router->prepareResponse()
#15 D:\\Project\\BizNest\\biznest_chatapp\\Local_Business_Directory\\biznest_chatapp\\vendor\\laravel\\framework\\src\\Illuminate\\Pipeline\\Pipeline.php(144): Illuminate\\Routing\\Router->Illuminate\\Routing\\{closure}()
#16 D:\\Project\\BizNest\\biznest_chatapp\\Local_Business_Directory\\biznest_chatapp\\vendor\\laravel\\framework\\src\\Illuminate\\Routing\\Middleware\\SubstituteBindings.php(50): Illuminate\\Pipeline\\Pipeline->Illuminate\\Pipeline\\{closure}()
#17 D:\\Project\\BizNest\\biznest_chatapp\\Local_Business_Directory\\biznest_chatapp\\vendor\\laravel\\framework\\src\\Illuminate\\Pipeline\\Pipeline.php(183): Illuminate\\Routing\\Middleware\\SubstituteBindings->handle()
#18 D:\\Project\\BizNest\\biznest_chatapp\\Local_Business_Directory\\biznest_chatapp\\vendor\\laravel\\framework\\src\\Illuminate\\Foundation\\Http\\Middleware\\VerifyCsrfToken.php(88): Illuminate\\Pipeline\\Pipeline->Illuminate\\Pipeline\\{closure}()
#19 D:\\Project\\BizNest\\biznest_chatapp\\Local_Business_Directory\\biznest_chatapp\\vendor\\laravel\\framework\\src\\Illuminate\\Pipeline\\Pipeline.php(183): Illuminate\\Foundation\\Http\\Middleware\\VerifyCsrfToken->handle()
#20 D:\\Project\\BizNest\\biznest_chatapp\\Local_Business_Directory\\biznest_chatapp\\vendor\\laravel\\framework\\src\\Illuminate\\View\\Middleware\\ShareErrorsFromSession.php(49): Illuminate\\Pipeline\\Pipeline->Illuminate\\Pipeline\\{closure}()
#21 D:\\Project\\BizNest\\biznest_chatapp\\Local_Business_Directory\\biznest_chatapp\\vendor\\laravel\\framework\\src\\Illuminate\\Pipeline\\Pipeline.php(183): Illuminate\\View\\Middleware\\ShareErrorsFromSession->handle()
#22 D:\\Project\\BizNest\\biznest_chatapp\\Local_Business_Directory\\biznest_chatapp\\vendor\\laravel\\framework\\src\\Illuminate\\Session\\Middleware\\StartSession.php(121): Illuminate\\Pipeline\\Pipeline->Illuminate\\Pipeline\\{closure}()
#23 D:\\Project\\BizNest\\biznest_chatapp\\Local_Business_Directory\\biznest_chatapp\\vendor\\laravel\\framework\\src\\Illuminate\\Session\\Middleware\\StartSession.php(64): Illuminate\\Session\\Middleware\\StartSession->handleStatefulRequest()
#24 D:\\Project\\BizNest\\biznest_chatapp\\Local_Business_Directory\\biznest_chatapp\\vendor\\laravel\\framework\\src\\Illuminate\\Pipeline\\Pipeline.php(183): Illuminate\\Session\\Middleware\\StartSession->handle()
#25 D:\\Project\\BizNest\\biznest_chatapp\\Local_Business_Directory\\biznest_chatapp\\vendor\\laravel\\framework\\src\\Illuminate\\Cookie\\Middleware\\AddQueuedCookiesToResponse.php(37): Illuminate\\Pipeline\\Pipeline->Illuminate\\Pipeline\\{closure}()
#26 D:\\Project\\BizNest\\biznest_chatapp\\Local_Business_Directory\\biznest_chatapp\\vendor\\laravel\\framework\\src\\Illuminate\\Pipeline\\Pipeline.php(183): Illuminate\\Cookie\\Middleware\\AddQueuedCookiesToResponse->handle()
#27 D:\\Project\\BizNest\\biznest_chatapp\\Local_Business_Directory\\biznest_chatapp\\vendor\\laravel\\framework\\src\\Illuminate\\Cookie\\Middleware\\EncryptCookies.php(75): Illuminate\\Pipeline\\Pipeline->Illuminate\\Pipeline\\{closure}()
#28 D:\\Project\\BizNest\\biznest_chatapp\\Local_Business_Directory\\biznest_chatapp\\vendor\\laravel\\framework\\src\\Illuminate\\Pipeline\\Pipeline.php(183): Illuminate\\Cookie\\Middleware\\EncryptCookies->handle()
#29 D:\\Project\\BizNest\\biznest_chatapp\\Local_Business_Directory\\biznest_chatapp\\vendor\\laravel\\framework\\src\\Illuminate\\Pipeline\\Pipeline.php(119): Illuminate\\Pipeline\\Pipeline->Illuminate\\Pipeline\\{closure}()
#30 D:\\Project\\BizNest\\biznest_chatapp\\Local_Business_Directory\\biznest_chatapp\\vendor\\laravel\\framework\\src\\Illuminate\\Routing\\Router.php(805): Illuminate\\Pipeline\\Pipeline->then()
#31 D:\\Project\\BizNest\\biznest_chatapp\\Local_Business_Directory\\biznest_chatapp\\vendor\\laravel\\framework\\src\\Illuminate\\Routing\\Router.php(784): Illuminate\\Routing\\Router->runRouteWithinStack()
#32 D:\\Project\\BizNest\\biznest_chatapp\\Local_Business_Directory\\biznest_chatapp\\vendor\\laravel\\framework\\src\\Illuminate\\Routing\\Router.php(748): Illuminate\\Routing\\Router->runRoute()
#33 D:\\Project\\BizNest\\biznest_chatapp\\Local_Business_Directory\\biznest_chatapp\\vendor\\laravel\\framework\\src\\Illuminate\\Routing\\Router.php(737): Illuminate\\Routing\\Router->dispatchToRoute()
#34 D:\\Project\\BizNest\\biznest_chatapp\\Local_Business_Directory\\biznest_chatapp\\vendor\\laravel\\framework\\src\\Illuminate\\Foundation\\Http\\Kernel.php(200): Illuminate\\Routing\\Router->dispatch()
#35 D:\\Project\\BizNest\\biznest_chatapp\\Local_Business_Directory\\biznest_chatapp\\vendor\\laravel\\framework\\src\\Illuminate\\Pipeline\\Pipeline.php(144): Illuminate\\Foundation\\Http\\Kernel->Illuminate\\Foundation\\Http\\{closure}()
#36 D:\\Project\\BizNest\\biznest_chatapp\\Local_Business_Directory\\biznest_chatapp\\vendor\\livewire\\livewire\\src\\Features\\SupportDisablingBackButtonCache\\DisableBackButtonCacheMiddleware.php(19): Illuminate\\Pipeline\\Pipeline->Illuminate\\Pipeline\\{closure}()
#37 D:\\Project\\BizNest\\biznest_chatapp\\Local_Business_Directory\\biznest_chatapp\\vendor\\laravel\\framework\\src\\Illuminate\\Pipeline\\Pipeline.php(183): Livewire\\Features\\SupportDisablingBackButtonCache\\DisableBackButtonCacheMiddleware->handle()
#38 D:\\Project\\BizNest\\biznest_chatapp\\Local_Business_Directory\\biznest_chatapp\\vendor\\laravel\\framework\\src\\Illuminate\\Foundation\\Http\\Middleware\\TransformsRequest.php(21): Illuminate\\Pipeline\\Pipeline->Illuminate\\Pipeline\\{closure}()
#39 D:\\Project\\BizNest\\biznest_chatapp\\Local_Business_Directory\\biznest_chatapp\\vendor\\laravel\\framework\\src\\Illuminate\\Foundation\\Http\\Middleware\\ConvertEmptyStringsToNull.php(31): Illuminate\\Foundation\\Http\\Middleware\\TransformsRequest->handle()
#40 D:\\Project\\BizNest\\biznest_chatapp\\Local_Business_Directory\\biznest_chatapp\\vendor\\laravel\\framework\\src\\Illuminate\\Pipeline\\Pipeline.php(183): Illuminate\\Foundation\\Http\\Middleware\\ConvertEmptyStringsToNull->handle()
#41 D:\\Project\\BizNest\\biznest_chatapp\\Local_Business_Directory\\biznest_chatapp\\vendor\\laravel\\framework\\src\\Illuminate\\Foundation\\Http\\Middleware\\TransformsRequest.php(21): Illuminate\\Pipeline\\Pipeline->Illuminate\\Pipeline\\{closure}()
#42 D:\\Project\\BizNest\\biznest_chatapp\\Local_Business_Directory\\biznest_chatapp\\vendor\\laravel\\framework\\src\\Illuminate\\Foundation\\Http\\Middleware\\TrimStrings.php(51): Illuminate\\Foundation\\Http\\Middleware\\TransformsRequest->handle()
#43 D:\\Project\\BizNest\\biznest_chatapp\\Local_Business_Directory\\biznest_chatapp\\vendor\\laravel\\framework\\src\\Illuminate\\Pipeline\\Pipeline.php(183): Illuminate\\Foundation\\Http\\Middleware\\TrimStrings->handle()
#44 D:\\Project\\BizNest\\biznest_chatapp\\Local_Business_Directory\\biznest_chatapp\\vendor\\laravel\\framework\\src\\Illuminate\\Http\\Middleware\\ValidatePostSize.php(27): Illuminate\\Pipeline\\Pipeline->Illuminate\\Pipeline\\{closure}()
#45 D:\\Project\\BizNest\\biznest_chatapp\\Local_Business_Directory\\biznest_chatapp\\vendor\\laravel\\framework\\src\\Illuminate\\Pipeline\\Pipeline.php(183): Illuminate\\Http\\Middleware\\ValidatePostSize->handle()
#46 D:\\Project\\BizNest\\biznest_chatapp\\Local_Business_Directory\\biznest_chatapp\\vendor\\laravel\\framework\\src\\Illuminate\\Foundation\\Http\\Middleware\\PreventRequestsDuringMaintenance.php(110): Illuminate\\Pipeline\\Pipeline->Illuminate\\Pipeline\\{closure}()
#47 D:\\Project\\BizNest\\biznest_chatapp\\Local_Business_Directory\\biznest_chatapp\\vendor\\laravel\\framework\\src\\Illuminate\\Pipeline\\Pipeline.php(183): Illuminate\\Foundation\\Http\\Middleware\\PreventRequestsDuringMaintenance->handle()
#48 D:\\Project\\BizNest\\biznest_chatapp\\Local_Business_Directory\\biznest_chatapp\\vendor\\laravel\\framework\\src\\Illuminate\\Http\\Middleware\\HandleCors.php(49): Illuminate\\Pipeline\\Pipeline->Illuminate\\Pipeline\\{closure}()
#49 D:\\Project\\BizNest\\biznest_chatapp\\Local_Business_Directory\\biznest_chatapp\\vendor\\laravel\\framework\\src\\Illuminate\\Pipeline\\Pipeline.php(183): Illuminate\\Http\\Middleware\\HandleCors->handle()
#50 D:\\Project\\BizNest\\biznest_chatapp\\Local_Business_Directory\\biznest_chatapp\\vendor\\laravel\\framework\\src\\Illuminate\\Http\\Middleware\\TrustProxies.php(57): Illuminate\\Pipeline\\Pipeline->Illuminate\\Pipeline\\{closure}()
#51 D:\\Project\\BizNest\\biznest_chatapp\\Local_Business_Directory\\biznest_chatapp\\vendor\\laravel\\framework\\src\\Illuminate\\Pipeline\\Pipeline.php(183): Illuminate\\Http\\Middleware\\TrustProxies->handle()
#52 D:\\Project\\BizNest\\biznest_chatapp\\Local_Business_Directory\\biznest_chatapp\\vendor\\laravel\\framework\\src\\Illuminate\\Pipeline\\Pipeline.php(119): Illuminate\\Pipeline\\Pipeline->Illuminate\\Pipeline\\{closure}()
#53 D:\\Project\\BizNest\\biznest_chatapp\\Local_Business_Directory\\biznest_chatapp\\vendor\\laravel\\framework\\src\\Illuminate\\Foundation\\Http\\Kernel.php(175): Illuminate\\Pipeline\\Pipeline->then()
#54 D:\\Project\\BizNest\\biznest_chatapp\\Local_Business_Directory\\biznest_chatapp\\vendor\\laravel\\framework\\src\\Illuminate\\Foundation\\Http\\Kernel.php(144): Illuminate\\Foundation\\Http\\Kernel->sendRequestThroughRouter()
#55 D:\\Project\\BizNest\\biznest_chatapp\\Local_Business_Directory\\biznest_chatapp\\vendor\\laravel\\framework\\src\\Illuminate\\Foundation\\Application.php(1176): Illuminate\\Foundation\\Http\\Kernel->handle()
#56 D:\\Project\\BizNest\\biznest_chatapp\\Local_Business_Directory\\biznest_chatapp\\public\\index.php(17): Illuminate\\Foundation\\Application->handleRequest()
#57 D:\\Project\\BizNest\\biznest_chatapp\\Local_Business_Directory\\biznest_chatapp\\vendor\\laravel\\framework\\src\\Illuminate\\Foundation\\resources\\server.php(16): require_once('...')
#58 {main}
"} 
